{"/Users/surajkumar/Documents/altcampus-learning/TA-JS-advanced-dom-and-test-TJaaan/block-BJaajc/code/index.js": {"path":"/Users/surajkumar/Documents/altcampus-learning/TA-JS-advanced-dom-and-test-TJaaan/block-BJaajc/code/index.js","statementMap":{"0":{"start":{"line":2,"column":2},"end":{"line":2,"column":36}},"1":{"start":{"line":6,"column":2},"end":{"line":8,"column":15}},"2":{"start":{"line":7,"column":4},"end":{"line":7,"column":16}},"3":{"start":{"line":8,"column":9},"end":{"line":8,"column":15}},"4":{"start":{"line":11,"column":0},"end":{"line":11,"column":29}}},"fnMap":{"0":{"name":"getFullName","decl":{"start":{"line":1,"column":9},"end":{"line":1,"column":20}},"loc":{"start":{"line":1,"column":42},"end":{"line":3,"column":1}},"line":1},"1":{"name":"isPallindrome","decl":{"start":{"line":5,"column":9},"end":{"line":5,"column":22}},"loc":{"start":{"line":5,"column":28},"end":{"line":9,"column":1}},"line":5}},"branchMap":{"0":{"loc":{"start":{"line":6,"column":2},"end":{"line":8,"column":15}},"type":"if","locations":[{"start":{"line":6,"column":2},"end":{"line":8,"column":15}},{"start":{"line":8,"column":9},"end":{"line":8,"column":15}}],"line":6}},"s":{"0":1,"1":0,"2":0,"3":0,"4":1},"f":{"0":1,"1":0},"b":{"0":[0,0]},"_coverageSchema":"1a1c01bbd47fc00a2c39e90264f33305004495a9","hash":"8f35551f650cd4e39e344eaf1d01c853301559e7"}
}
